<component name="libraryTable">
  <library name="junit-4.6">
    <CLASSES>
      <root url="jar://$USER_HOME$/Downloads/ThuVien/junit-4.6.jar!/" />
    </CLASSES>
    <JAVADOC />
    <SOURCES />
  </library>
</component>